[debug] [2023-01-18T17:19:07.901Z] ----------------------------------------------------------------------
[debug] [2023-01-18T17:19:07.908Z] Command:       C:\Program Files\nodejs\node.exe C:\Users\HP\AppData\Roaming\npm\node_modules\firebase-tools\lib\bin\firebase.js init
[debug] [2023-01-18T17:19:07.909Z] CLI Version:   11.20.0
[debug] [2023-01-18T17:19:07.910Z] Platform:      win32
[debug] [2023-01-18T17:19:07.910Z] Node Version:  v14.18.0
[debug] [2023-01-18T17:19:07.913Z] Time:          Wed Jan 18 2023 23:19:07 GMT+0600 (Bangladesh Standard Time)
[debug] [2023-01-18T17:19:07.913Z] ----------------------------------------------------------------------
[debug] 
[debug] [2023-01-18T17:19:07.921Z] >>> [apiv2][query] GET https://firebase-public.firebaseio.com/cli.json [none]
[debug] [2023-01-18T17:19:07.944Z] > command requires scopes: ["email","openid","https://www.googleapis.com/auth/cloudplatformprojects.readonly","https://www.googleapis.com/auth/firebase","https://www.googleapis.com/auth/cloud-platform"]
[debug] [2023-01-18T17:19:07.944Z] > authorizing via signed-in user (aayon427@gmail.com)
[info] 
     ######## #### ########  ######## ########     ###     ######  ########
     ##        ##  ##     ## ##       ##     ##  ##   ##  ##       ##
     ######    ##  ########  ######   ########  #########  ######  ######
     ##        ##  ##    ##  ##       ##     ## ##     ##       ## ##
     ##       #### ##     ## ######## ########  ##     ##  ######  ########

You're about to initialize a Firebase project in this directory:

  C:\projects\dream

Before we get started, keep in mind:

  * You are currently outside your home directory

[debug] [2023-01-18T17:19:08.787Z] <<< [apiv2][status] GET https://firebase-public.firebaseio.com/cli.json 200
[debug] [2023-01-18T17:19:08.788Z] <<< [apiv2][body] GET https://firebase-public.firebaseio.com/cli.json {"cloudBuildErrorAfter":1594252800000,"cloudBuildWarnAfter":1590019200000,"defaultNode10After":1594252800000,"minVersion":"3.0.5","node8DeploysDisabledAfter":1613390400000,"node8RuntimeDisabledAfter":1615809600000,"node8WarnAfter":1600128000000}
